mode: atomic
github.com/jimmystewpot/dns-preload/pkg/dns/resolver.go:37.85,38.18 1 2
github.com/jimmystewpot/dns-preload/pkg/dns/resolver.go:39.20,40.27 1 1
github.com/jimmystewpot/dns-preload/pkg/dns/resolver.go:41.10,42.42 1 1
github.com/jimmystewpot/dns-preload/pkg/dns/resolver.go:46.70,51.79 1 2
github.com/jimmystewpot/dns-preload/pkg/dns/resolver.go:51.79,56.5 2 10
github.com/jimmystewpot/dns-preload/pkg/dns/resolver.go:62.82,64.2 1 1
github.com/jimmystewpot/dns-preload/pkg/dns/resolver.go:67.83,69.2 1 1
github.com/jimmystewpot/dns-preload/pkg/dns/resolver.go:72.89,74.2 1 2
github.com/jimmystewpot/dns-preload/pkg/dns/resolver.go:77.82,79.2 1 1
github.com/jimmystewpot/dns-preload/pkg/dns/resolver.go:82.82,84.2 1 1
github.com/jimmystewpot/dns-preload/pkg/dns/resolver.go:87.82,89.2 1 1
github.com/jimmystewpot/dns-preload/pkg/dns/resolver.go:92.38,94.2 1 3
github.com/jimmystewpot/dns-preload/pkg/dns/resolver.go:99.86,100.14 1 3
github.com/jimmystewpot/dns-preload/pkg/dns/resolver.go:106.2,106.42 1 1
github.com/jimmystewpot/dns-preload/pkg/dns/resolver.go:101.21,102.30 1 1
github.com/jimmystewpot/dns-preload/pkg/dns/resolver.go:103.21,104.43 1 1
github.com/jimmystewpot/dns-preload/pkg/dns/resolver.go:109.87,110.24 1 2
github.com/jimmystewpot/dns-preload/pkg/dns/resolver.go:113.2,113.41 1 1
github.com/jimmystewpot/dns-preload/pkg/dns/resolver.go:110.24,112.3 1 1
github.com/jimmystewpot/dns-preload/pkg/dns/resolver.go:116.93,117.14 1 5
github.com/jimmystewpot/dns-preload/pkg/dns/resolver.go:146.2,146.54 1 1
github.com/jimmystewpot/dns-preload/pkg/dns/resolver.go:118.53,124.9 2 1
github.com/jimmystewpot/dns-preload/pkg/dns/resolver.go:125.21,131.9 2 1
github.com/jimmystewpot/dns-preload/pkg/dns/resolver.go:132.24,142.9 3 1
github.com/jimmystewpot/dns-preload/pkg/dns/resolver.go:143.25,144.55 1 1
github.com/jimmystewpot/dns-preload/pkg/dns/resolver.go:149.86,150.14 1 3
github.com/jimmystewpot/dns-preload/pkg/dns/resolver.go:163.2,163.51 1 2
github.com/jimmystewpot/dns-preload/pkg/dns/resolver.go:151.23,161.9 1 1
github.com/jimmystewpot/dns-preload/pkg/dns/resolver.go:166.86,167.14 1 3
github.com/jimmystewpot/dns-preload/pkg/dns/resolver.go:173.2,173.50 1 2
github.com/jimmystewpot/dns-preload/pkg/dns/resolver.go:168.23,171.9 1 1
github.com/jimmystewpot/dns-preload/pkg/dns/resolver.go:176.86,177.14 1 2
github.com/jimmystewpot/dns-preload/pkg/dns/resolver.go:188.2,188.51 1 1
github.com/jimmystewpot/dns-preload/pkg/dns/resolver.go:178.23,186.9 1 1
github.com/jimmystewpot/dns-preload/cmd/dns-preload/main.go:74.40,75.13 1 3
github.com/jimmystewpot/dns-preload/cmd/dns-preload/main.go:82.2,82.46 1 1
github.com/jimmystewpot/dns-preload/cmd/dns-preload/main.go:76.25,78.45 2 1
github.com/jimmystewpot/dns-preload/cmd/dns-preload/main.go:79.25,80.43 1 1
github.com/jimmystewpot/dns-preload/cmd/dns-preload/main.go:85.41,88.16 3 2
github.com/jimmystewpot/dns-preload/cmd/dns-preload/main.go:92.2,97.36 4 1
github.com/jimmystewpot/dns-preload/cmd/dns-preload/main.go:88.16,90.3 1 1
github.com/jimmystewpot/dns-preload/cmd/dns-preload/main.go:101.104,102.13 1 10
github.com/jimmystewpot/dns-preload/cmd/dns-preload/main.go:136.2,136.13 1 2
github.com/jimmystewpot/dns-preload/cmd/dns-preload/main.go:139.2,139.12 1 2
github.com/jimmystewpot/dns-preload/cmd/dns-preload/main.go:103.28,104.36 1 2
github.com/jimmystewpot/dns-preload/cmd/dns-preload/main.go:108.28,109.36 1 1
github.com/jimmystewpot/dns-preload/cmd/dns-preload/main.go:113.25,114.33 1 1
github.com/jimmystewpot/dns-preload/cmd/dns-preload/main.go:118.25,119.33 1 1
github.com/jimmystewpot/dns-preload/cmd/dns-preload/main.go:123.26,124.34 1 1
github.com/jimmystewpot/dns-preload/cmd/dns-preload/main.go:128.26,129.34 1 2
github.com/jimmystewpot/dns-preload/cmd/dns-preload/main.go:133.10,134.42 1 2
github.com/jimmystewpot/dns-preload/cmd/dns-preload/main.go:104.36,107.4 2 1
github.com/jimmystewpot/dns-preload/cmd/dns-preload/main.go:109.36,112.4 2 1
github.com/jimmystewpot/dns-preload/cmd/dns-preload/main.go:114.33,117.4 2 1
github.com/jimmystewpot/dns-preload/cmd/dns-preload/main.go:119.33,122.4 2 1
github.com/jimmystewpot/dns-preload/cmd/dns-preload/main.go:124.34,127.4 2 1
github.com/jimmystewpot/dns-preload/cmd/dns-preload/main.go:129.34,132.4 2 1
github.com/jimmystewpot/dns-preload/cmd/dns-preload/main.go:136.13,138.3 1 2
github.com/jimmystewpot/dns-preload/cmd/dns-preload/main.go:145.68,148.34 3 5
github.com/jimmystewpot/dns-preload/cmd/dns-preload/main.go:166.2,166.33 1 5
github.com/jimmystewpot/dns-preload/cmd/dns-preload/main.go:170.2,170.14 1 3
github.com/jimmystewpot/dns-preload/cmd/dns-preload/main.go:174.2,174.12 1 3
github.com/jimmystewpot/dns-preload/cmd/dns-preload/main.go:148.34,150.21 2 7
github.com/jimmystewpot/dns-preload/cmd/dns-preload/main.go:150.21,155.18 5 7
github.com/jimmystewpot/dns-preload/cmd/dns-preload/main.go:158.4,159.18 2 5
github.com/jimmystewpot/dns-preload/cmd/dns-preload/main.go:162.4,162.14 1 5
github.com/jimmystewpot/dns-preload/cmd/dns-preload/main.go:155.18,157.5 1 2
github.com/jimmystewpot/dns-preload/cmd/dns-preload/main.go:159.18,161.5 1 0
github.com/jimmystewpot/dns-preload/cmd/dns-preload/main.go:166.33,168.3 1 2
github.com/jimmystewpot/dns-preload/cmd/dns-preload/main.go:170.14,172.3 1 3
github.com/jimmystewpot/dns-preload/cmd/dns-preload/main.go:180.68,183.34 3 3
github.com/jimmystewpot/dns-preload/cmd/dns-preload/main.go:200.2,200.33 1 3
github.com/jimmystewpot/dns-preload/cmd/dns-preload/main.go:204.2,204.14 1 2
github.com/jimmystewpot/dns-preload/cmd/dns-preload/main.go:208.2,208.12 1 2
github.com/jimmystewpot/dns-preload/cmd/dns-preload/main.go:183.34,185.21 2 3
github.com/jimmystewpot/dns-preload/cmd/dns-preload/main.go:185.21,190.18 5 3
github.com/jimmystewpot/dns-preload/cmd/dns-preload/main.go:193.4,194.18 2 2
github.com/jimmystewpot/dns-preload/cmd/dns-preload/main.go:197.4,197.14 1 2
github.com/jimmystewpot/dns-preload/cmd/dns-preload/main.go:190.18,192.5 1 1
github.com/jimmystewpot/dns-preload/cmd/dns-preload/main.go:194.18,196.5 1 0
github.com/jimmystewpot/dns-preload/cmd/dns-preload/main.go:200.33,202.3 1 1
github.com/jimmystewpot/dns-preload/cmd/dns-preload/main.go:204.14,206.3 1 2
github.com/jimmystewpot/dns-preload/cmd/dns-preload/main.go:214.65,217.34 3 3
github.com/jimmystewpot/dns-preload/cmd/dns-preload/main.go:234.2,234.33 1 3
github.com/jimmystewpot/dns-preload/cmd/dns-preload/main.go:238.2,238.14 1 2
github.com/jimmystewpot/dns-preload/cmd/dns-preload/main.go:242.2,242.12 1 2
github.com/jimmystewpot/dns-preload/cmd/dns-preload/main.go:217.34,219.21 2 3
github.com/jimmystewpot/dns-preload/cmd/dns-preload/main.go:219.21,224.18 5 3
github.com/jimmystewpot/dns-preload/cmd/dns-preload/main.go:227.4,228.18 2 2
github.com/jimmystewpot/dns-preload/cmd/dns-preload/main.go:231.4,231.14 1 2
github.com/jimmystewpot/dns-preload/cmd/dns-preload/main.go:224.18,226.5 1 1
github.com/jimmystewpot/dns-preload/cmd/dns-preload/main.go:228.18,230.5 1 0
github.com/jimmystewpot/dns-preload/cmd/dns-preload/main.go:234.33,236.3 1 1
github.com/jimmystewpot/dns-preload/cmd/dns-preload/main.go:238.14,240.3 1 2
github.com/jimmystewpot/dns-preload/cmd/dns-preload/main.go:248.65,251.34 3 4
github.com/jimmystewpot/dns-preload/cmd/dns-preload/main.go:269.2,269.33 1 4
github.com/jimmystewpot/dns-preload/cmd/dns-preload/main.go:273.2,273.14 1 2
github.com/jimmystewpot/dns-preload/cmd/dns-preload/main.go:277.2,277.12 1 2
github.com/jimmystewpot/dns-preload/cmd/dns-preload/main.go:251.34,253.21 2 4
github.com/jimmystewpot/dns-preload/cmd/dns-preload/main.go:253.21,258.18 5 4
github.com/jimmystewpot/dns-preload/cmd/dns-preload/main.go:262.4,263.18 2 3
github.com/jimmystewpot/dns-preload/cmd/dns-preload/main.go:266.4,266.14 1 2
github.com/jimmystewpot/dns-preload/cmd/dns-preload/main.go:258.18,260.5 1 1
github.com/jimmystewpot/dns-preload/cmd/dns-preload/main.go:263.18,265.5 1 1
github.com/jimmystewpot/dns-preload/cmd/dns-preload/main.go:269.33,271.3 1 2
github.com/jimmystewpot/dns-preload/cmd/dns-preload/main.go:273.14,275.3 1 2
github.com/jimmystewpot/dns-preload/cmd/dns-preload/main.go:283.66,286.34 3 3
github.com/jimmystewpot/dns-preload/cmd/dns-preload/main.go:303.2,303.33 1 3
github.com/jimmystewpot/dns-preload/cmd/dns-preload/main.go:307.2,307.14 1 2
github.com/jimmystewpot/dns-preload/cmd/dns-preload/main.go:311.2,311.12 1 2
github.com/jimmystewpot/dns-preload/cmd/dns-preload/main.go:286.34,288.21 2 3
github.com/jimmystewpot/dns-preload/cmd/dns-preload/main.go:288.21,293.18 5 3
github.com/jimmystewpot/dns-preload/cmd/dns-preload/main.go:296.4,297.18 2 2
github.com/jimmystewpot/dns-preload/cmd/dns-preload/main.go:300.4,300.14 1 2
github.com/jimmystewpot/dns-preload/cmd/dns-preload/main.go:293.18,295.5 1 1
github.com/jimmystewpot/dns-preload/cmd/dns-preload/main.go:297.18,299.5 1 0
github.com/jimmystewpot/dns-preload/cmd/dns-preload/main.go:303.33,305.3 1 1
github.com/jimmystewpot/dns-preload/cmd/dns-preload/main.go:307.14,309.3 1 2
github.com/jimmystewpot/dns-preload/cmd/dns-preload/main.go:317.66,320.34 3 3
github.com/jimmystewpot/dns-preload/cmd/dns-preload/main.go:337.2,337.33 1 3
github.com/jimmystewpot/dns-preload/cmd/dns-preload/main.go:341.2,341.14 1 2
github.com/jimmystewpot/dns-preload/cmd/dns-preload/main.go:345.2,345.12 1 2
github.com/jimmystewpot/dns-preload/cmd/dns-preload/main.go:320.34,322.21 2 3
github.com/jimmystewpot/dns-preload/cmd/dns-preload/main.go:322.21,327.18 5 3
github.com/jimmystewpot/dns-preload/cmd/dns-preload/main.go:330.4,331.18 2 2
github.com/jimmystewpot/dns-preload/cmd/dns-preload/main.go:334.4,334.14 1 2
github.com/jimmystewpot/dns-preload/cmd/dns-preload/main.go:327.18,329.5 1 1
github.com/jimmystewpot/dns-preload/cmd/dns-preload/main.go:331.18,333.5 1 0
github.com/jimmystewpot/dns-preload/cmd/dns-preload/main.go:337.33,339.3 1 1
github.com/jimmystewpot/dns-preload/cmd/dns-preload/main.go:341.14,343.3 1 2
github.com/jimmystewpot/dns-preload/cmd/dns-preload/main.go:349.116,352.29 2 17
github.com/jimmystewpot/dns-preload/cmd/dns-preload/main.go:372.2,372.12 1 16
github.com/jimmystewpot/dns-preload/cmd/dns-preload/main.go:381.2,381.14 1 15
github.com/jimmystewpot/dns-preload/cmd/dns-preload/main.go:385.2,385.12 1 15
github.com/jimmystewpot/dns-preload/cmd/dns-preload/main.go:353.14,354.38 1 2
github.com/jimmystewpot/dns-preload/cmd/dns-preload/main.go:355.16,356.43 1 4
github.com/jimmystewpot/dns-preload/cmd/dns-preload/main.go:357.17,358.42 1 3
github.com/jimmystewpot/dns-preload/cmd/dns-preload/main.go:361.17,362.42 1 2
github.com/jimmystewpot/dns-preload/cmd/dns-preload/main.go:365.20,366.45 1 5
github.com/jimmystewpot/dns-preload/cmd/dns-preload/main.go:369.10,370.49 1 1
github.com/jimmystewpot/dns-preload/cmd/dns-preload/main.go:358.42,360.4 1 6
github.com/jimmystewpot/dns-preload/cmd/dns-preload/main.go:362.42,364.4 1 4
github.com/jimmystewpot/dns-preload/cmd/dns-preload/main.go:366.45,368.4 1 5
github.com/jimmystewpot/dns-preload/cmd/dns-preload/main.go:372.12,374.61 1 7
github.com/jimmystewpot/dns-preload/cmd/dns-preload/main.go:374.61,376.18 2 2
github.com/jimmystewpot/dns-preload/cmd/dns-preload/main.go:376.18,378.5 1 1
github.com/jimmystewpot/dns-preload/cmd/dns-preload/main.go:381.14,383.3 1 15
github.com/jimmystewpot/dns-preload/cmd/dns-preload/main.go:389.66,390.13 1 6
github.com/jimmystewpot/dns-preload/cmd/dns-preload/main.go:390.13,392.3 1 6
github.com/jimmystewpot/dns-preload/cmd/dns-preload/main.go:396.48,397.12 1 2
github.com/jimmystewpot/dns-preload/cmd/dns-preload/main.go:397.12,399.3 1 1
github.com/jimmystewpot/dns-preload/cmd/dns-preload/main.go:403.50,406.15 2 21
github.com/jimmystewpot/dns-preload/cmd/dns-preload/main.go:410.2,412.10 2 20
github.com/jimmystewpot/dns-preload/cmd/dns-preload/main.go:406.15,409.3 2 1
github.com/jimmystewpot/dns-preload/cmd/dns-preload/main.go:415.13,427.23 4 0
github.com/jimmystewpot/dns-preload/cmd/dns-preload/main.go:428.13,430.55 2 0
github.com/jimmystewpot/dns-preload/cmd/dns-preload/main.go:436.3,438.18 2 0
github.com/jimmystewpot/dns-preload/cmd/dns-preload/main.go:445.10,448.25 3 0
github.com/jimmystewpot/dns-preload/cmd/dns-preload/main.go:430.55,432.18 2 0
github.com/jimmystewpot/dns-preload/cmd/dns-preload/main.go:432.18,434.5 1 0
github.com/jimmystewpot/dns-preload/cmd/dns-preload/main.go:438.18,440.28 2 0
github.com/jimmystewpot/dns-preload/cmd/dns-preload/main.go:443.4,443.29 1 0
github.com/jimmystewpot/dns-preload/cmd/dns-preload/main.go:440.28,442.5 1 0
github.com/jimmystewpot/dns-preload/pkg/confighandlers/config.go:50.50,53.16 3 10
github.com/jimmystewpot/dns-preload/pkg/confighandlers/config.go:56.2,57.16 2 8
github.com/jimmystewpot/dns-preload/pkg/confighandlers/config.go:60.2,61.16 2 7
github.com/jimmystewpot/dns-preload/pkg/confighandlers/config.go:64.2,65.16 2 6
github.com/jimmystewpot/dns-preload/pkg/confighandlers/config.go:68.2,69.16 2 5
github.com/jimmystewpot/dns-preload/pkg/confighandlers/config.go:72.2,73.16 2 4
github.com/jimmystewpot/dns-preload/pkg/confighandlers/config.go:76.2,76.12 1 3
github.com/jimmystewpot/dns-preload/pkg/confighandlers/config.go:53.16,55.3 1 2
github.com/jimmystewpot/dns-preload/pkg/confighandlers/config.go:57.16,59.3 1 1
github.com/jimmystewpot/dns-preload/pkg/confighandlers/config.go:61.16,63.3 1 1
github.com/jimmystewpot/dns-preload/pkg/confighandlers/config.go:65.16,67.3 1 1
github.com/jimmystewpot/dns-preload/pkg/confighandlers/config.go:69.16,71.3 1 1
github.com/jimmystewpot/dns-preload/pkg/confighandlers/config.go:73.16,75.3 1 1
github.com/jimmystewpot/dns-preload/pkg/confighandlers/config.go:80.40,82.2 1 42
github.com/jimmystewpot/dns-preload/pkg/confighandlers/config.go:85.41,87.30 2 42
github.com/jimmystewpot/dns-preload/pkg/confighandlers/config.go:90.2,90.26 1 34
github.com/jimmystewpot/dns-preload/pkg/confighandlers/config.go:87.30,89.3 1 8
github.com/jimmystewpot/dns-preload/pkg/confighandlers/config.go:94.68,96.16 2 2
github.com/jimmystewpot/dns-preload/pkg/confighandlers/config.go:99.2,99.12 1 2
github.com/jimmystewpot/dns-preload/pkg/confighandlers/config.go:102.2,102.12 1 2
github.com/jimmystewpot/dns-preload/pkg/confighandlers/config.go:96.16,98.3 1 0
github.com/jimmystewpot/dns-preload/pkg/confighandlers/config.go:99.12,101.3 1 1
github.com/jimmystewpot/dns-preload/pkg/confighandlers/file.go:11.57,13.16 2 3
github.com/jimmystewpot/dns-preload/pkg/confighandlers/file.go:16.2,16.12 1 2
github.com/jimmystewpot/dns-preload/pkg/confighandlers/file.go:13.16,15.3 1 1
github.com/jimmystewpot/dns-preload/pkg/confighandlers/file.go:20.66,26.16 3 4
github.com/jimmystewpot/dns-preload/pkg/confighandlers/file.go:29.2,33.16 3 3
github.com/jimmystewpot/dns-preload/pkg/confighandlers/file.go:36.2,37.16 2 2
github.com/jimmystewpot/dns-preload/pkg/confighandlers/file.go:41.2,41.17 1 1
github.com/jimmystewpot/dns-preload/pkg/confighandlers/file.go:26.16,28.3 1 1
github.com/jimmystewpot/dns-preload/pkg/confighandlers/file.go:33.16,35.3 1 1
github.com/jimmystewpot/dns-preload/pkg/confighandlers/file.go:37.16,39.3 1 1
