mode: atomic
github.com/jimmystewpot/dns-preload/pkg/confighandlers/file.go:48.57,50.16 2 3
github.com/jimmystewpot/dns-preload/pkg/confighandlers/file.go:53.2,53.12 1 2
github.com/jimmystewpot/dns-preload/pkg/confighandlers/file.go:50.16,52.3 1 1
github.com/jimmystewpot/dns-preload/pkg/confighandlers/file.go:57.50,61.16 4 9
github.com/jimmystewpot/dns-preload/pkg/confighandlers/file.go:64.2,65.16 2 7
github.com/jimmystewpot/dns-preload/pkg/confighandlers/file.go:68.2,69.16 2 6
github.com/jimmystewpot/dns-preload/pkg/confighandlers/file.go:72.2,73.16 2 5
github.com/jimmystewpot/dns-preload/pkg/confighandlers/file.go:76.2,77.16 2 4
github.com/jimmystewpot/dns-preload/pkg/confighandlers/file.go:80.2,80.12 1 3
github.com/jimmystewpot/dns-preload/pkg/confighandlers/file.go:61.16,63.3 1 2
github.com/jimmystewpot/dns-preload/pkg/confighandlers/file.go:65.16,67.3 1 1
github.com/jimmystewpot/dns-preload/pkg/confighandlers/file.go:69.16,71.3 1 1
github.com/jimmystewpot/dns-preload/pkg/confighandlers/file.go:73.16,75.3 1 1
github.com/jimmystewpot/dns-preload/pkg/confighandlers/file.go:77.16,79.3 1 1
github.com/jimmystewpot/dns-preload/pkg/confighandlers/file.go:84.40,86.2 1 33
github.com/jimmystewpot/dns-preload/pkg/confighandlers/file.go:89.66,95.16 3 4
github.com/jimmystewpot/dns-preload/pkg/confighandlers/file.go:98.2,102.16 3 3
github.com/jimmystewpot/dns-preload/pkg/confighandlers/file.go:105.2,106.16 2 2
github.com/jimmystewpot/dns-preload/pkg/confighandlers/file.go:110.2,110.17 1 1
github.com/jimmystewpot/dns-preload/pkg/confighandlers/file.go:95.16,97.3 1 1
github.com/jimmystewpot/dns-preload/pkg/confighandlers/file.go:102.16,104.3 1 1
github.com/jimmystewpot/dns-preload/pkg/confighandlers/file.go:106.16,108.3 1 1
github.com/jimmystewpot/dns-preload/pkg/confighandlers/file.go:114.41,116.30 2 33
github.com/jimmystewpot/dns-preload/pkg/confighandlers/file.go:119.2,119.26 1 26
github.com/jimmystewpot/dns-preload/pkg/confighandlers/file.go:116.30,118.3 1 7
github.com/jimmystewpot/dns-preload/pkg/dns/resolver.go:33.70,38.79 1 1
github.com/jimmystewpot/dns-preload/pkg/dns/resolver.go:38.79,43.5 2 6
github.com/jimmystewpot/dns-preload/pkg/dns/resolver.go:49.82,51.2 1 0
github.com/jimmystewpot/dns-preload/pkg/dns/resolver.go:54.89,56.2 1 1
github.com/jimmystewpot/dns-preload/pkg/dns/resolver.go:59.82,61.2 1 1
github.com/jimmystewpot/dns-preload/pkg/dns/resolver.go:64.82,66.2 1 1
github.com/jimmystewpot/dns-preload/pkg/dns/resolver.go:69.82,71.2 1 1
github.com/jimmystewpot/dns-preload/pkg/dns/resolver.go:74.38,76.2 1 2
github.com/jimmystewpot/dns-preload/pkg/dns/resolver.go:81.86,82.14 1 3
github.com/jimmystewpot/dns-preload/pkg/dns/resolver.go:88.2,88.42 1 1
github.com/jimmystewpot/dns-preload/pkg/dns/resolver.go:83.21,84.30 1 1
github.com/jimmystewpot/dns-preload/pkg/dns/resolver.go:85.21,86.43 1 1
github.com/jimmystewpot/dns-preload/pkg/dns/resolver.go:91.93,92.14 1 4
github.com/jimmystewpot/dns-preload/pkg/dns/resolver.go:110.2,110.54 1 1
github.com/jimmystewpot/dns-preload/pkg/dns/resolver.go:93.53,99.9 2 1
github.com/jimmystewpot/dns-preload/pkg/dns/resolver.go:100.21,106.9 2 1
github.com/jimmystewpot/dns-preload/pkg/dns/resolver.go:107.25,108.55 1 1
github.com/jimmystewpot/dns-preload/pkg/dns/resolver.go:113.86,114.14 1 3
github.com/jimmystewpot/dns-preload/pkg/dns/resolver.go:127.2,127.51 1 2
github.com/jimmystewpot/dns-preload/pkg/dns/resolver.go:115.23,125.9 1 1
github.com/jimmystewpot/dns-preload/pkg/dns/resolver.go:130.86,131.14 1 3
github.com/jimmystewpot/dns-preload/pkg/dns/resolver.go:137.2,137.50 1 2
github.com/jimmystewpot/dns-preload/pkg/dns/resolver.go:132.23,135.9 1 1
github.com/jimmystewpot/dns-preload/pkg/dns/resolver.go:140.86,141.14 1 2
github.com/jimmystewpot/dns-preload/pkg/dns/resolver.go:152.2,152.51 1 1
github.com/jimmystewpot/dns-preload/pkg/dns/resolver.go:142.23,150.9 1 1
github.com/jimmystewpot/dns-preload/cmd/dns-preload/main.go:54.41,57.16 3 2
github.com/jimmystewpot/dns-preload/cmd/dns-preload/main.go:61.2,65.13 4 1
github.com/jimmystewpot/dns-preload/cmd/dns-preload/main.go:92.2,92.13 1 0
github.com/jimmystewpot/dns-preload/cmd/dns-preload/main.go:95.2,95.12 1 0
github.com/jimmystewpot/dns-preload/cmd/dns-preload/main.go:57.16,59.3 1 1
github.com/jimmystewpot/dns-preload/cmd/dns-preload/main.go:66.28,67.36 1 1
github.com/jimmystewpot/dns-preload/cmd/dns-preload/main.go:71.28,72.36 1 0
github.com/jimmystewpot/dns-preload/cmd/dns-preload/main.go:76.25,77.33 1 0
github.com/jimmystewpot/dns-preload/cmd/dns-preload/main.go:81.25,82.33 1 0
github.com/jimmystewpot/dns-preload/cmd/dns-preload/main.go:86.26,87.34 1 0
github.com/jimmystewpot/dns-preload/cmd/dns-preload/main.go:67.36,70.4 2 1
github.com/jimmystewpot/dns-preload/cmd/dns-preload/main.go:72.36,75.4 2 0
github.com/jimmystewpot/dns-preload/cmd/dns-preload/main.go:77.33,80.4 2 0
github.com/jimmystewpot/dns-preload/cmd/dns-preload/main.go:82.33,85.4 2 0
github.com/jimmystewpot/dns-preload/cmd/dns-preload/main.go:87.34,90.4 2 0
github.com/jimmystewpot/dns-preload/cmd/dns-preload/main.go:92.13,94.3 1 0
github.com/jimmystewpot/dns-preload/cmd/dns-preload/main.go:99.68,100.34 1 4
github.com/jimmystewpot/dns-preload/cmd/dns-preload/main.go:111.2,111.12 1 2
github.com/jimmystewpot/dns-preload/cmd/dns-preload/main.go:100.34,103.17 3 6
github.com/jimmystewpot/dns-preload/cmd/dns-preload/main.go:106.3,107.17 2 4
github.com/jimmystewpot/dns-preload/cmd/dns-preload/main.go:103.17,105.4 1 2
github.com/jimmystewpot/dns-preload/cmd/dns-preload/main.go:107.17,109.4 1 0
github.com/jimmystewpot/dns-preload/cmd/dns-preload/main.go:115.68,116.34 1 3
github.com/jimmystewpot/dns-preload/cmd/dns-preload/main.go:127.2,127.12 1 2
github.com/jimmystewpot/dns-preload/cmd/dns-preload/main.go:116.34,119.17 3 3
github.com/jimmystewpot/dns-preload/cmd/dns-preload/main.go:122.3,123.17 2 2
github.com/jimmystewpot/dns-preload/cmd/dns-preload/main.go:119.17,121.4 1 1
github.com/jimmystewpot/dns-preload/cmd/dns-preload/main.go:123.17,125.4 1 0
github.com/jimmystewpot/dns-preload/cmd/dns-preload/main.go:131.65,132.34 1 2
github.com/jimmystewpot/dns-preload/cmd/dns-preload/main.go:143.2,143.12 1 1
github.com/jimmystewpot/dns-preload/cmd/dns-preload/main.go:132.34,135.17 3 2
github.com/jimmystewpot/dns-preload/cmd/dns-preload/main.go:138.3,139.17 2 1
github.com/jimmystewpot/dns-preload/cmd/dns-preload/main.go:135.17,137.4 1 1
github.com/jimmystewpot/dns-preload/cmd/dns-preload/main.go:139.17,141.4 1 0
github.com/jimmystewpot/dns-preload/cmd/dns-preload/main.go:147.65,148.34 1 3
github.com/jimmystewpot/dns-preload/cmd/dns-preload/main.go:160.2,160.12 1 1
github.com/jimmystewpot/dns-preload/cmd/dns-preload/main.go:148.34,151.17 3 3
github.com/jimmystewpot/dns-preload/cmd/dns-preload/main.go:155.3,156.17 2 2
github.com/jimmystewpot/dns-preload/cmd/dns-preload/main.go:151.17,153.4 1 1
github.com/jimmystewpot/dns-preload/cmd/dns-preload/main.go:156.17,158.4 1 1
github.com/jimmystewpot/dns-preload/cmd/dns-preload/main.go:164.66,165.34 1 2
github.com/jimmystewpot/dns-preload/cmd/dns-preload/main.go:176.2,176.12 1 1
github.com/jimmystewpot/dns-preload/cmd/dns-preload/main.go:165.34,168.17 3 2
github.com/jimmystewpot/dns-preload/cmd/dns-preload/main.go:171.3,172.17 2 1
github.com/jimmystewpot/dns-preload/cmd/dns-preload/main.go:168.17,170.4 1 1
github.com/jimmystewpot/dns-preload/cmd/dns-preload/main.go:172.17,174.4 1 0
github.com/jimmystewpot/dns-preload/cmd/dns-preload/main.go:180.109,183.29 2 10
github.com/jimmystewpot/dns-preload/cmd/dns-preload/main.go:203.2,203.12 1 10
github.com/jimmystewpot/dns-preload/cmd/dns-preload/main.go:212.2,212.14 1 9
github.com/jimmystewpot/dns-preload/cmd/dns-preload/main.go:215.2,215.12 1 9
github.com/jimmystewpot/dns-preload/cmd/dns-preload/main.go:184.14,185.38 1 2
github.com/jimmystewpot/dns-preload/cmd/dns-preload/main.go:186.16,187.43 1 1
github.com/jimmystewpot/dns-preload/cmd/dns-preload/main.go:188.17,189.42 1 2
github.com/jimmystewpot/dns-preload/cmd/dns-preload/main.go:192.17,193.42 1 1
github.com/jimmystewpot/dns-preload/cmd/dns-preload/main.go:196.20,197.45 1 4
github.com/jimmystewpot/dns-preload/cmd/dns-preload/main.go:200.10,201.55 1 0
github.com/jimmystewpot/dns-preload/cmd/dns-preload/main.go:189.42,191.4 1 4
github.com/jimmystewpot/dns-preload/cmd/dns-preload/main.go:193.42,195.4 1 2
github.com/jimmystewpot/dns-preload/cmd/dns-preload/main.go:197.45,199.4 1 4
github.com/jimmystewpot/dns-preload/cmd/dns-preload/main.go:203.12,205.51 1 7
github.com/jimmystewpot/dns-preload/cmd/dns-preload/main.go:205.51,207.18 2 2
github.com/jimmystewpot/dns-preload/cmd/dns-preload/main.go:207.18,209.5 1 1
github.com/jimmystewpot/dns-preload/cmd/dns-preload/main.go:212.14,214.3 1 9
github.com/jimmystewpot/dns-preload/cmd/dns-preload/main.go:218.13,228.23 3 0
github.com/jimmystewpot/dns-preload/cmd/dns-preload/main.go:229.13,231.55 2 0
github.com/jimmystewpot/dns-preload/cmd/dns-preload/main.go:237.3,237.18 1 0
github.com/jimmystewpot/dns-preload/cmd/dns-preload/main.go:243.10,245.17 2 0
github.com/jimmystewpot/dns-preload/cmd/dns-preload/main.go:248.3,249.61 2 0
github.com/jimmystewpot/dns-preload/cmd/dns-preload/main.go:231.55,233.18 2 0
github.com/jimmystewpot/dns-preload/cmd/dns-preload/main.go:233.18,235.5 1 0
github.com/jimmystewpot/dns-preload/cmd/dns-preload/main.go:237.18,242.4 4 0
github.com/jimmystewpot/dns-preload/cmd/dns-preload/main.go:245.17,247.4 1 0
